Determining if the pthread_create exist failed with the following output:
Change Dir: /home/nghiep/Desktop/KLTN/Project_FaceRecognize/OfflineProject/build/CMakeFiles/CMakeTmp

Run Build Command:"/usr/bin/make" "cmTC_c41e9/fast"
/usr/bin/make -f CMakeFiles/cmTC_c41e9.dir/build.make CMakeFiles/cmTC_c41e9.dir/build
make[1]: Entering directory '/home/nghiep/Desktop/KLTN/Project_FaceRecognize/OfflineProject/build/CMakeFiles/CMakeTmp'
Building C object CMakeFiles/cmTC_c41e9.dir/CheckSymbolExists.c.o
/usr/bin/cc    -o CMakeFiles/cmTC_c41e9.dir/CheckSymbolExists.c.o   -c /home/nghiep/Desktop/KLTN/Project_FaceRecognize/OfflineProject/build/CMakeFiles/CMakeTmp/CheckSymbolExists.c
Linking C executable cmTC_c41e9
/usr/bin/cmake -E cmake_link_script CMakeFiles/cmTC_c41e9.dir/link.txt --verbose=1
/usr/bin/cc      -rdynamic CMakeFiles/cmTC_c41e9.dir/CheckSymbolExists.c.o  -o cmTC_c41e9 
CMakeFiles/cmTC_c41e9.dir/CheckSymbolExists.c.o: In function `main':
CheckSymbolExists.c:(.text+0x14): undefined reference to `pthread_create'
CheckSymbolExists.c:(.text+0x18): undefined reference to `pthread_create'
collect2: error: ld returned 1 exit status
CMakeFiles/cmTC_c41e9.dir/build.make:97: recipe for target 'cmTC_c41e9' failed
make[1]: *** [cmTC_c41e9] Error 1
make[1]: Leaving directory '/home/nghiep/Desktop/KLTN/Project_FaceRecognize/OfflineProject/build/CMakeFiles/CMakeTmp'
Makefile:126: recipe for target 'cmTC_c41e9/fast' failed
make: *** [cmTC_c41e9/fast] Error 2

File /home/nghiep/Desktop/KLTN/Project_FaceRecognize/OfflineProject/build/CMakeFiles/CMakeTmp/CheckSymbolExists.c:
/* */
#include <pthread.h>

int main(int argc, char** argv)
{
  (void)argv;
#ifndef pthread_create
  return ((int*)(&pthread_create))[argc];
#else
  (void)argc;
  return 0;
#endif
}

Determining if the function pthread_create exists in the pthreads failed with the following output:
Change Dir: /home/nghiep/Desktop/KLTN/Project_FaceRecognize/OfflineProject/build/CMakeFiles/CMakeTmp

Run Build Command:"/usr/bin/make" "cmTC_081a0/fast"
/usr/bin/make -f CMakeFiles/cmTC_081a0.dir/build.make CMakeFiles/cmTC_081a0.dir/build
make[1]: Entering directory '/home/nghiep/Desktop/KLTN/Project_FaceRecognize/OfflineProject/build/CMakeFiles/CMakeTmp'
Building C object CMakeFiles/cmTC_081a0.dir/CheckFunctionExists.c.o
/usr/bin/cc   -DCHECK_FUNCTION_EXISTS=pthread_create   -o CMakeFiles/cmTC_081a0.dir/CheckFunctionExists.c.o   -c /usr/share/cmake-3.10/Modules/CheckFunctionExists.c
Linking C executable cmTC_081a0
/usr/bin/cmake -E cmake_link_script CMakeFiles/cmTC_081a0.dir/link.txt --verbose=1
/usr/bin/cc  -DCHECK_FUNCTION_EXISTS=pthread_create    -rdynamic CMakeFiles/cmTC_081a0.dir/CheckFunctionExists.c.o  -o cmTC_081a0 -lpthreads 
/usr/bin/ld: cannot find -lpthreads
collect2: error: ld returned 1 exit status
CMakeFiles/cmTC_081a0.dir/build.make:97: recipe for target 'cmTC_081a0' failed
make[1]: *** [cmTC_081a0] Error 1
make[1]: Leaving directory '/home/nghiep/Desktop/KLTN/Project_FaceRecognize/OfflineProject/build/CMakeFiles/CMakeTmp'
Makefile:126: recipe for target 'cmTC_081a0/fast' failed
make: *** [cmTC_081a0/fast] Error 2


Determining if the function sgesv exists failed with the following output:
Change Dir: /home/nghiep/Desktop/KLTN/Project_FaceRecognize/OfflineProject/build/CMakeFiles/CMakeTmp

Run Build Command:"/usr/bin/make" "cmTC_fee9a/fast"
/usr/bin/make -f CMakeFiles/cmTC_fee9a.dir/build.make CMakeFiles/cmTC_fee9a.dir/build
make[1]: Entering directory '/home/nghiep/Desktop/KLTN/Project_FaceRecognize/OfflineProject/build/CMakeFiles/CMakeTmp'
Building C object CMakeFiles/cmTC_fee9a.dir/CheckFunctionExists.c.o
/usr/bin/cc   -DCHECK_FUNCTION_EXISTS=sgesv   -o CMakeFiles/cmTC_fee9a.dir/CheckFunctionExists.c.o   -c /usr/share/cmake-3.10/Modules/CheckFunctionExists.c
Linking C executable cmTC_fee9a
/usr/bin/cmake -E cmake_link_script CMakeFiles/cmTC_fee9a.dir/link.txt --verbose=1
/usr/bin/cc  -DCHECK_FUNCTION_EXISTS=sgesv    -rdynamic CMakeFiles/cmTC_fee9a.dir/CheckFunctionExists.c.o  -o cmTC_fee9a 
CMakeFiles/cmTC_fee9a.dir/CheckFunctionExists.c.o: In function `main':
CheckFunctionExists.c:(.text+0x10): undefined reference to `sgesv'
collect2: error: ld returned 1 exit status
CMakeFiles/cmTC_fee9a.dir/build.make:97: recipe for target 'cmTC_fee9a' failed
make[1]: *** [cmTC_fee9a] Error 1
make[1]: Leaving directory '/home/nghiep/Desktop/KLTN/Project_FaceRecognize/OfflineProject/build/CMakeFiles/CMakeTmp'
Makefile:126: recipe for target 'cmTC_fee9a/fast' failed
make: *** [cmTC_fee9a/fast] Error 2


Determining if the function sgesv_ exists failed with the following output:
Change Dir: /home/nghiep/Desktop/KLTN/Project_FaceRecognize/OfflineProject/build/CMakeFiles/CMakeTmp

Run Build Command:"/usr/bin/make" "cmTC_e4388/fast"
/usr/bin/make -f CMakeFiles/cmTC_e4388.dir/build.make CMakeFiles/cmTC_e4388.dir/build
make[1]: Entering directory '/home/nghiep/Desktop/KLTN/Project_FaceRecognize/OfflineProject/build/CMakeFiles/CMakeTmp'
Building C object CMakeFiles/cmTC_e4388.dir/CheckFunctionExists.c.o
/usr/bin/cc   -DCHECK_FUNCTION_EXISTS=sgesv_   -o CMakeFiles/cmTC_e4388.dir/CheckFunctionExists.c.o   -c /usr/share/cmake-3.10/Modules/CheckFunctionExists.c
Linking C executable cmTC_e4388
/usr/bin/cmake -E cmake_link_script CMakeFiles/cmTC_e4388.dir/link.txt --verbose=1
/usr/bin/cc  -DCHECK_FUNCTION_EXISTS=sgesv_    -rdynamic CMakeFiles/cmTC_e4388.dir/CheckFunctionExists.c.o  -o cmTC_e4388 
CMakeFiles/cmTC_e4388.dir/CheckFunctionExists.c.o: In function `main':
CheckFunctionExists.c:(.text+0x10): undefined reference to `sgesv_'
collect2: error: ld returned 1 exit status
CMakeFiles/cmTC_e4388.dir/build.make:97: recipe for target 'cmTC_e4388' failed
make[1]: *** [cmTC_e4388] Error 1
make[1]: Leaving directory '/home/nghiep/Desktop/KLTN/Project_FaceRecognize/OfflineProject/build/CMakeFiles/CMakeTmp'
Makefile:126: recipe for target 'cmTC_e4388/fast' failed
make: *** [cmTC_e4388/fast] Error 2


